Reading netlist file: "E:\Antigravity-fun\FPGA-tang-nano-optical-flow-sensor\Optical-flow-using-tang-nano-4k\impl\gwsynthesis\Optical-flow-using-tang-nano-4k.vg"
Parsing netlist file "E:\Antigravity-fun\FPGA-tang-nano-optical-flow-sensor\Optical-flow-using-tang-nano-4k\impl\gwsynthesis\Optical-flow-using-tang-nano-4k.vg" completed
Processing netlist completed
Reading constraint file: "E:\Antigravity-fun\FPGA-tang-nano-optical-flow-sensor\Optical-flow-using-tang-nano-4k\impl\constraint\optical_flow.cst"
Physical Constraint parsed completed
Running placement......
[10%] Placement Phase 0 completed
[20%] Placement Phase 1 completed
[30%] Placement Phase 2 completed
[50%] Placement Phase 3 completed
Running routing......
[60%] Routing Phase 0 completed
[70%] Routing Phase 1 completed
[80%] Routing Phase 2 completed
WARN  (PR1014) : Generic routing resource will be used to clock signal 'clk_27m_d' by the specified constraint. And then it may lead to the excessive delay or skew
[90%] Routing Phase 3 completed
Running timing analysis......
[95%] Timing analysis completed
Placement and routing completed
Bitstream generation in progress......
Bitstream generation completed
Running power analysis......
[100%] Power analysis completed
Generate file "E:\Antigravity-fun\FPGA-tang-nano-optical-flow-sensor\Optical-flow-using-tang-nano-4k\impl\pnr\Optical-flow-using-tang-nano-4k.power.html" completed
Generate file "E:\Antigravity-fun\FPGA-tang-nano-optical-flow-sensor\Optical-flow-using-tang-nano-4k\impl\pnr\Optical-flow-using-tang-nano-4k.pin.html" completed
Generate file "E:\Antigravity-fun\FPGA-tang-nano-optical-flow-sensor\Optical-flow-using-tang-nano-4k\impl\pnr\Optical-flow-using-tang-nano-4k.rpt.html" completed
Generate file "E:\Antigravity-fun\FPGA-tang-nano-optical-flow-sensor\Optical-flow-using-tang-nano-4k\impl\pnr\Optical-flow-using-tang-nano-4k.rpt.txt" completed
Generate file "E:\Antigravity-fun\FPGA-tang-nano-optical-flow-sensor\Optical-flow-using-tang-nano-4k\impl\pnr\Optical-flow-using-tang-nano-4k.tr.html" completed
Tue Apr 14 22:19:19 2026

